<?xml version="1.0" encoding="UTF-8"?>
<!-- Generated by org.testng.reporters.JUnitReportReporter -->
<testsuite skipped="0" hostname="BDC4-D-1SF6N62" name="seleniumadvanced.demos.seleniumday1.hdfcBank" tests="1" failures="0" timestamp="07 Feb 2019 07:31:49 GMT" time="21.554" errors="0">
  <testcase name="f" time="21.554" classname="seleniumadvanced.demos.seleniumday1.hdfcBank"/>
</testsuite> <!-- seleniumadvanced.demos.seleniumday1.hdfcBank -->
