<?xml version="1.0" encoding="UTF-8"?>
<!-- Generated by org.testng.reporters.JUnitReportReporter -->
<testsuite skipped="0" hostname="BDC4-D-1SF6N62" name="seleniumadvanced.demos.seleniumday1.testExcel" tests="1" failures="0" timestamp="08 Feb 2019 05:43:13 GMT" time="0.757" errors="0">
  <testcase name="testreadExcel" time="0.757" classname="seleniumadvanced.demos.seleniumday1.testExcel"/>
</testsuite> <!-- seleniumadvanced.demos.seleniumday1.testExcel -->
